********************************************************************************
product = WebSphere Application Server 2017.9.0.1 (wlp-1.0.18.201709251422)
wlp.install.dir = /Users/Hemankita.Perabathini@ibm.com/Downloads/Wfd_FrontEnd/target/liberty/wlp/
java.home = /Library/Java/JavaVirtualMachines/jdk1.8.0_131.jdk/Contents/Home/jre
java.version = 1.8.0_131
java.runtime = Java(TM) SE Runtime Environment (1.8.0_131-b11)
os = Mac OS X (10.12.6; x86_64) (en_US)
process = 11252@Hemankitas-MacBook-Pro.local
********************************************************************************
[10/19/17 23:24:02:199 CDT] 00000001 com.ibm.ws.kernel.launch.internal.FrameworkManager           A CWWKE0001I: The server defaultServer has been launched.
[10/19/17 23:24:02:210 CDT] 00000001 com.ibm.ws.kernel.launch.internal.FrameworkManager           A CWWKE0104I: This product is a beta and cannot be used in production. The full license terms can be viewed here: https://public.dhe.ibm.com/ibmdl/export/pub/software/websphere/wasdev/license/early_access/ilar/2017.9.0.1/lafiles/en.html
[10/19/17 23:24:03:074 CDT] 00000001 com.ibm.ws.kernel.launch.internal.FrameworkManager           I CWWKE0002I: The kernel started after 6.076 seconds
[10/19/17 23:24:03:095 CDT] 00000019 com.ibm.ws.kernel.feature.internal.FeatureManager            I CWWKF0007I: Feature update started.
[10/19/17 23:24:03:467 CDT] 00000011 com.ibm.ws.security.ready.internal.SecurityReadyServiceImpl  I CWWKS0007I: The security service is starting...
[10/19/17 23:24:08:761 CDT] 00000011 com.ibm.ws.app.manager.internal.monitor.DropinMonitor        A CWWKZ0058I: Monitoring dropins for applications. 
[10/19/17 23:24:08:953 CDT] 00000020 com.ibm.ws.tcpchannel.internal.TCPChannel                    I CWWKO0219I: TCP Channel defaultHttpEndpoint has been started and is now listening for requests on host *  (IPv6) port 9089.
[10/19/17 23:24:09:277 CDT] 00000011 com.ibm.ws.cache.ServerCache                                 I DYNA1001I: WebSphere Dynamic Cache instance named baseCache initialized successfully.
[10/19/17 23:24:09:279 CDT] 00000011 com.ibm.ws.cache.ServerCache                                 I DYNA1071I: The cache provider default is being used.
[10/19/17 23:24:09:280 CDT] 00000011 com.ibm.ws.cache.CacheServiceImpl                            I DYNA1056I: Dynamic Cache (object cache) initialized successfully.
[10/19/17 23:24:09:465 CDT] 00000011 ibm.ws.security.authentication.internal.jaas.JAASServiceImpl I CWWKS1123I: The collective authentication plugin with class name NullCollectiveAuthenticationPlugin has been activated. 
[10/19/17 23:24:09:505 CDT] 00000024 com.ibm.ws.security.token.ltpa.internal.LTPAKeyCreateTask    I CWWKS4105I: LTPA configuration is ready after 0.062 seconds.
[10/19/17 23:24:09:664 CDT] 00000011 com.ibm.ws.security.jwt.internal.ConsumerImpl                I CWWKS6012I: The JSON Web Token (JWT) consumer service is available.
[10/19/17 23:24:09:674 CDT] 00000011 com.ibm.ws.security.jwt.web.JwtEndpointServices              I CWWKS6002I: The JSON Web Token (JWT) endpoint service is available.
[10/19/17 23:24:09:682 CDT] 00000011 com.ibm.ws.security.mp.jwt.impl.MicroProfileJwtServiceImpl   I CWWKS5500I: The MicroProfile JWT configuration [MicroProfileJwtService] was successfully processed.
[10/19/17 23:24:09:762 CDT] 00000011 com.ibm.ws.session.WASSessionCore                            I SESN8501I: The session manager did not find a persistent storage location; HttpSession objects will be stored in the local application server's memory.
[10/19/17 23:24:09:927 CDT] 00000020 pp.manager.internal.statemachine.ApplicationStateMachineImpl E CWWKZ0005E: The server is not configured to handle the resource at location /Users/Hemankita.Perabathini@ibm.com/Downloads/Wfd_FrontEnd/target/liberty/wlp/usr/servers/defaultServer/dropins/styles.d41d8cd98f00b204e980.bundle.css.
[10/19/17 23:24:09:927 CDT] 00000029 pp.manager.internal.statemachine.ApplicationStateMachineImpl E CWWKZ0005E: The server is not configured to handle the resource at location /Users/Hemankita.Perabathini@ibm.com/Downloads/Wfd_FrontEnd/target/liberty/wlp/usr/servers/defaultServer/dropins/main.1c69668863fa769e71cc.bundle.js.
[10/19/17 23:24:09:927 CDT] 00000026 pp.manager.internal.statemachine.ApplicationStateMachineImpl E CWWKZ0005E: The server is not configured to handle the resource at location /Users/Hemankita.Perabathini@ibm.com/Downloads/Wfd_FrontEnd/target/liberty/wlp/usr/servers/defaultServer/dropins/3rdpartylicenses.txt.
[10/19/17 23:24:09:927 CDT] 00000020 pp.manager.internal.statemachine.ApplicationStateMachineImpl E CWWKZ0005E: The server is not configured to handle the resource at location /Users/Hemankita.Perabathini@ibm.com/Downloads/Wfd_FrontEnd/target/liberty/wlp/usr/servers/defaultServer/dropins/favicon.ico.
[10/19/17 23:24:09:927 CDT] 0000001b pp.manager.internal.statemachine.ApplicationStateMachineImpl E CWWKZ0005E: The server is not configured to handle the resource at location /Users/Hemankita.Perabathini@ibm.com/Downloads/Wfd_FrontEnd/target/liberty/wlp/usr/servers/defaultServer/dropins/inline.8288e131c1126703b2e4.bundle.js.
[10/19/17 23:24:09:928 CDT] 00000025 pp.manager.internal.statemachine.ApplicationStateMachineImpl E CWWKZ0005E: The server is not configured to handle the resource at location /Users/Hemankita.Perabathini@ibm.com/Downloads/Wfd_FrontEnd/target/liberty/wlp/usr/servers/defaultServer/dropins/polyfills.d8d3d78a4deb2ab66856.bundle.js.
[10/19/17 23:24:09:927 CDT] 00000022 pp.manager.internal.statemachine.ApplicationStateMachineImpl E CWWKZ0005E: The server is not configured to handle the resource at location /Users/Hemankita.Perabathini@ibm.com/Downloads/Wfd_FrontEnd/target/liberty/wlp/usr/servers/defaultServer/dropins/vendor.116261f15011a98a5ba2.bundle.js.
[10/19/17 23:24:09:927 CDT] 00000026 pp.manager.internal.statemachine.ApplicationStateMachineImpl E CWWKZ0005E: The server is not configured to handle the resource at location /Users/Hemankita.Perabathini@ibm.com/Downloads/Wfd_FrontEnd/target/liberty/wlp/usr/servers/defaultServer/dropins/index.html.
[10/19/17 23:24:10:046 CDT] 00000021 com.ibm.ws.app.manager.AppMessageHelper                      I CWWKZ0018I: Starting application WfdFrontEnd-1.0-SNAPSHOT.
[10/19/17 23:24:10:214 CDT] 0000001c com.ibm.ws.webcontainer.osgi.webapp.WebGroup                 I SRVE0169I: Loading Web Module: com.ibm.ws.security.jwt.
[10/19/17 23:24:10:216 CDT] 0000001c com.ibm.ws.webcontainer                                      I SRVE0250I: Web Module com.ibm.ws.security.jwt has been bound to default_host.
[10/19/17 23:24:10:214 CDT] 00000028 com.ibm.ws.webcontainer.osgi.webapp.WebGroup                 I SRVE0169I: Loading Web Module: ibm/api.
[10/19/17 23:24:10:217 CDT] 00000028 com.ibm.ws.webcontainer                                      I SRVE0250I: Web Module ibm/api has been bound to default_host.
[10/19/17 23:24:10:215 CDT] 0000001d com.ibm.ws.webcontainer.osgi.webapp.WebGroup                 I SRVE0169I: Loading Web Module: health.
[10/19/17 23:24:10:218 CDT] 0000001d com.ibm.ws.webcontainer                                      I SRVE0250I: Web Module health has been bound to default_host.
[10/19/17 23:24:10:218 CDT] 0000001c com.ibm.ws.http.internal.VirtualHostImpl                     A CWWKT0016I: Web application available (default_host): http://192.168.0.8:9089/jwt/
[10/19/17 23:24:10:222 CDT] 0000001d com.ibm.ws.http.internal.VirtualHostImpl                     A CWWKT0016I: Web application available (default_host): http://192.168.0.8:9089/health/
[10/19/17 23:24:10:222 CDT] 00000028 com.ibm.ws.http.internal.VirtualHostImpl                     A CWWKT0016I: Web application available (default_host): http://192.168.0.8:9089/ibm/api/
[10/19/17 23:24:10:223 CDT] 00000027 com.ibm.ws.webcontainer.osgi.webapp.WebGroup                 I SRVE0169I: Loading Web Module: MicroProfileMetrics.
[10/19/17 23:24:10:224 CDT] 00000027 com.ibm.ws.webcontainer                                      I SRVE0250I: Web Module MicroProfileMetrics has been bound to default_host.
[10/19/17 23:24:10:224 CDT] 00000027 com.ibm.ws.http.internal.VirtualHostImpl                     A CWWKT0016I: Web application available (default_host): http://192.168.0.8:9089/metrics/
[10/19/17 23:24:10:252 CDT] 00000024 com.ibm.ws.session.WASSessionCore                            I SESN0176I: A new session context will be created for application key default_host/health
[10/19/17 23:24:10:252 CDT] 00000029 com.ibm.ws.session.WASSessionCore                            I SESN0176I: A new session context will be created for application key default_host/metrics
[10/19/17 23:24:10:252 CDT] 00000023 com.ibm.ws.session.WASSessionCore                            I SESN0176I: A new session context will be created for application key default_host/ibm/api
[10/19/17 23:24:10:252 CDT] 0000001f com.ibm.ws.session.WASSessionCore                            I SESN0176I: A new session context will be created for application key default_host/jwt
[10/19/17 23:24:10:264 CDT] 00000024 com.ibm.ws.util                                              I SESN0172I: The session manager is using the Java default SecureRandom implementation for session ID generation.
[10/19/17 23:24:10:274 CDT] 0000001f com.ibm.ws.util                                              I SESN0172I: The session manager is using the Java default SecureRandom implementation for session ID generation.
[10/19/17 23:24:10:275 CDT] 00000023 com.ibm.ws.util                                              I SESN0172I: The session manager is using the Java default SecureRandom implementation for session ID generation.
[10/19/17 23:24:10:276 CDT] 00000029 com.ibm.ws.util                                              I SESN0172I: The session manager is using the Java default SecureRandom implementation for session ID generation.
[10/19/17 23:24:10:275 CDT] 00000021 org.jboss.weld.Version                                       I WELD-000900: 2.4.3 (Final)
[10/19/17 23:24:10:296 CDT] 0000001f com.ibm.ws.cache.CacheServiceImpl                            I DYNA1056I: Dynamic Cache (object cache) initialized successfully.
[10/19/17 23:24:10:348 CDT] 00000029 com.ibm.ws.webcontainer.servlet                              I SRVE0242I: [com.ibm.ws.microprofile.metrics] [/metrics] [MetricsRESTProxyServlet]: Initialization successful.
[10/19/17 23:24:10:487 CDT] 00000021 com.ibm.ws.webcontainer.osgi.webapp.WebGroup                 I SRVE0169I: Loading Web Module: WfdFrontEnd.
[10/19/17 23:24:10:487 CDT] 00000021 com.ibm.ws.webcontainer                                      I SRVE0250I: Web Module WfdFrontEnd has been bound to default_host.
[10/19/17 23:24:10:487 CDT] 00000021 com.ibm.ws.http.internal.VirtualHostImpl                     A CWWKT0016I: Web application available (default_host): http://192.168.0.8:9089/WfdFrontEnd/
[10/19/17 23:24:10:489 CDT] 00000031 com.ibm.ws.session.WASSessionCore                            I SESN0176I: A new session context will be created for application key default_host/WfdFrontEnd
[10/19/17 23:24:10:489 CDT] 00000031 com.ibm.ws.util                                              I SESN0172I: The session manager is using the Java default SecureRandom implementation for session ID generation.
[10/19/17 23:24:10:491 CDT] 00000021 com.ibm.ws.app.manager.AppMessageHelper                      A CWWKZ0001I: Application WfdFrontEnd-1.0-SNAPSHOT started in 0.445 seconds.
[10/19/17 23:24:10:628 CDT] 0000001d com.ibm.ws.webcontainer.osgi.mbeans.PluginGenerator          I SRVE9103I: A configuration file for a web server plugin was automatically generated for this server at /Users/Hemankita.Perabathini@ibm.com/Downloads/Wfd_FrontEnd/target/liberty/wlp/usr/servers/defaultServer/logs/state/plugin-cfg.xml.
[10/19/17 23:24:40:019 CDT] 00000019 com.ibm.ws.kernel.feature.internal.FeatureManager            A CWWKF0012I: The server installed the following features: [microProfile-1.2, mpFaultTolerance-1.0, servlet-3.1, ssl-1.0, jndi-1.0, mpHealth-1.0, jsonp-1.0, appSecurity-2.0, mpConfig-1.1, jaxrs-2.0, jaxrsClient-2.0, concurrent-1.0, jwt-1.0, mpMetrics-1.0, mpJwt-1.0, json-1.0, cdi-1.2, distributedMap-1.0].
[10/19/17 23:24:40:020 CDT] 00000019 com.ibm.ws.kernel.feature.internal.FeatureManager            I CWWKF0008I: Feature update completed in 36.945 seconds.
[10/19/17 23:24:40:020 CDT] 00000019 com.ibm.ws.kernel.feature.internal.FeatureManager            A CWWKF0011I: The server defaultServer is ready to run a smarter planet.
